<?xml version="1.0" encoding="UTF-8"?>
<testsuite xmlns:xsi="http://www.w3.org/2001/XMLSchema-instance" xsi:noNamespaceSchemaLocation="https://maven.apache.org/surefire/maven-surefire-plugin/xsd/surefire-test-report-3.0.xsd" version="3.0" name="runner.RunCucumberTest" time="2.068" tests="5" errors="2" skipped="3" failures="0">
  <properties>
[...]
</properties>
  <testcase name="Dado que estou no site da qazando" classname="Cenário: Visualizar código de desconto" time="0.004">
    <error type="java.lang.ExceptionInInitializerError"><![CDATA[java.lang.ExceptionInInitializerError
Caused by: java.lang.reflect.InaccessibleObjectException: Unable to make field private final java.util.Comparator java.util.TreeMap.comparator accessible: module java.base does not "opens java.util" to unnamed module @97e1986
]]></error>
    <system-err><![CDATA[Starting ChromeDriver 106.0.5249.61 (511755355844955cd3e264779baf0dd38212a4d0-refs/branch-heads/5249@{#569}) on port 46179
Only local connections are allowed.
Please see https://chromedriver.chromium.org/security-considerations for suggestions on keeping ChromeDriver safe.
ChromeDriver was started successfully.
[1666979629.631][WARNING]: This version of ChromeDriver has not been tested with Chrome version 107.
out. 28, 2022 2:53:49 PM org.openqa.selenium.remote.ProtocolHandshake createSession
INFORMAÇÕES: Detected dialect: W3C
]]></system-err>
  </testcase>
  <testcase name="" classname="Cenário: Visualizar código de desconto" time="0.005">
    <error type="java.lang.ExceptionInInitializerError"><![CDATA[java.lang.ExceptionInInitializerError
Caused by: java.lang.reflect.InaccessibleObjectException: Unable to make field private final java.util.Comparator java.util.TreeMap.comparator accessible: module java.base does not "opens java.util" to unnamed module @97e1986
]]></error>
  </testcase>
  <testcase name="Quando eu preencho meu email" classname="Cenário: Visualizar código de desconto" time="0">
    <skipped/>
  </testcase>
  <testcase name="E clico em ganhar cupom" classname="Cenário: Visualizar código de desconto" time="0">
    <skipped/>
  </testcase>
  <testcase name="Então eu vejo o código de desconto" classname="Cenário: Visualizar código de desconto" time="0">
    <skipped/>
  </testcase>
</testsuite>